[0m16:26:46.875693 [debug] [MainThread]: Sending event: {'category': 'dbt', 'action': 'invocation', 'label': 'start', 'context': [<snowplow_tracker.self_describing_json.SelfDescribingJson object at 0x0000027E9B0796A0>, <snowplow_tracker.self_describing_json.SelfDescribingJson object at 0x0000027E9DA74A50>, <snowplow_tracker.self_describing_json.SelfDescribingJson object at 0x0000027E9DA74910>]}


============================== 16:26:46.964045 | 45700b4f-6f2d-443b-91dc-7f682c588396 ==============================
[0m16:26:46.964045 [info ] [MainThread]: Running with dbt=1.8.9
[0m16:26:46.966602 [debug] [MainThread]: running dbt with arguments {'printer_width': '80', 'indirect_selection': 'eager', 'write_json': 'True', 'log_cache_events': 'False', 'partial_parse': 'True', 'cache_selected_only': 'False', 'warn_error': 'None', 'fail_fast': 'False', 'debug': 'False', 'log_path': 'logs', 'profiles_dir': 'C:\\Users\\User\\.dbt', 'version_check': 'True', 'use_colors': 'True', 'use_experimental_parser': 'False', 'empty': 'None', 'quiet': 'False', 'no_print': 'None', 'log_format': 'default', 'invocation_command': 'dbt init', 'static_parser': 'True', 'introspect': 'True', 'target_path': 'None', 'warn_error_options': 'WarnErrorOptions(include=[], exclude=[])', 'send_anonymous_usage_stats': 'True'}
[0m16:26:47.021873 [warn ] [MainThread]: [ConfigFolderDirectory]: Unable to parse logging event dictionary. Failed to parse dir field: expected string or bytes-like object, got 'WindowsPath'.. Dictionary: {'dir': WindowsPath('C:/Users/User/.dbt')}
[0m16:26:47.023250 [info ] [MainThread]: Creating dbt configuration folder at 
[0m16:27:07.395125 [debug] [MainThread]: Starter project path: C:\Users\User\Documents\DBT\venv\Lib\site-packages\dbt\include\starter_project
[0m16:27:07.437144 [info ] [MainThread]: 
Your new dbt project "dibimbing" was created!

For more information on how to configure the profiles.yml file,
please consult the dbt documentation here:

  https://docs.getdbt.com/docs/configure-your-profile

One more thing:

Need help? Don't hesitate to reach out to us via GitHub issues or on Slack:

  https://community.getdbt.com/

Happy modeling!

[0m16:27:07.441435 [info ] [MainThread]: Setting up your profile.
[0m16:32:59.555556 [info ] [MainThread]: Profile dibimbing written to C:\Users\User\.dbt\profiles.yml using target's profile_template.yml and your supplied values. Run 'dbt debug' to validate the connection.
[0m16:32:59.560163 [debug] [MainThread]: Command `dbt init` succeeded at 16:32:59.559755 after 373.07 seconds
[0m16:32:59.561178 [debug] [MainThread]: Sending event: {'category': 'dbt', 'action': 'invocation', 'label': 'end', 'context': [<snowplow_tracker.self_describing_json.SelfDescribingJson object at 0x0000027EAEC9D480>, <snowplow_tracker.self_describing_json.SelfDescribingJson object at 0x0000027E9DC8A7B0>, <snowplow_tracker.self_describing_json.SelfDescribingJson object at 0x0000027EAEAD5590>]}
[0m16:32:59.562311 [debug] [MainThread]: Flushing usage events
